# JRE version: OpenJDK Runtime Environment (17.0.10) (build 17.0.10+0--11572160)
# Java VM: OpenJDK 64-Bit Server VM (17.0.10+0--11572160, mixed mode, tiered, compressed oops, compressed class ptrs, g1 gc, windows-amd64)
GC Precious Log:
 CPUs: 8 total, 8 available
 Memory: 8089M
 Large Page Support: Disabled
 NUMA Support: Disabled
 Compressed Oops: Enabled (32-bit)
 Heap Region Size: 1M
 Heap Min Capacity: 8M
 Heap Initial Capacity: 128M
 Heap Max Capacity: 2G
 Pre-touch: Disabled
 Parallel Workers: 8
 Concurrent Workers: 2
 Concurrent Refinement Workers: 8
 Periodic GC: Disabled
Heap:
 garbage-first heap   total 448512K, used 249187K [0x0000000080000000, 0x0000000100000000)
  region size 1024K, 91 young (93184K), 11 survivors (11264K)
 Metaspace       used 118056K, committed 118848K, reserved 1179648K
  class space    used 15936K, committed 16320K, reserved 1048576K
GC Heap History (20 events):
Event: 16.634 GC heap before
{Heap before GC invocations=36 (full 0):
 garbage-first heap   total 195584K, used 163357K [0x0000000080000000, 0x0000000100000000)
  region size 1024K, 64 young (65536K), 4 survivors (4096K)
 Metaspace       used 105035K, committed 105792K, reserved 1179648K
  class space    used 14478K, committed 14848K, reserved 1048576K
}
Event: 16.646 GC heap after
{Heap after GC invocations=37 (full 0):
 garbage-first heap   total 195584K, used 103895K [0x0000000080000000, 0x0000000100000000)
  region size 1024K, 8 young (8192K), 8 survivors (8192K)
 Metaspace       used 105035K, committed 105792K, reserved 1179648K
  class space    used 14478K, committed 14848K, reserved 1048576K
}
Event: 16.655 GC heap before
{Heap before GC invocations=37 (full 0):
 garbage-first heap   total 195584K, used 104919K [0x0000000080000000, 0x0000000100000000)
  region size 1024K, 9 young (9216K), 8 survivors (8192K)
 Metaspace       used 105120K, committed 105920K, reserved 1179648K
  class space    used 14492K, committed 14848K, reserved 1048576K
}
Event: 16.665 GC heap after
{Heap after GC invocations=38 (full 0):
 garbage-first heap   total 195584K, used 103887K [0x0000000080000000, 0x0000000100000000)
  region size 1024K, 2 young (2048K), 2 survivors (2048K)
 Metaspace       used 105120K, committed 105920K, reserved 1179648K
  class space    used 14492K, committed 14848K, reserved 1048576K
}
Event: 17.373 GC heap before
{Heap before GC invocations=38 (full 0):
 garbage-first heap   total 195584K, used 159183K [0x0000000080000000, 0x0000000100000000)
  region size 1024K, 56 young (57344K), 2 survivors (2048K)
 Metaspace       used 106225K, committed 107008K, reserved 1179648K
  class space    used 14642K, committed 14976K, reserved 1048576K
}
Event: 17.379 GC heap after
{Heap after GC invocations=39 (full 0):
 garbage-first heap   total 195584K, used 109351K [0x0000000080000000, 0x0000000100000000)
  region size 1024K, 7 young (7168K), 7 survivors (7168K)
 Metaspace       used 106225K, committed 107008K, reserved 1179648K
  class space    used 14642K, committed 14976K, reserved 1048576K
}
Event: 17.693 GC heap before
{Heap before GC invocations=39 (full 0):
 garbage-first heap   total 195584K, used 157479K [0x0000000080000000, 0x0000000100000000)
  region size 1024K, 55 young (56320K), 7 survivors (7168K)
 Metaspace       used 106266K, committed 107008K, reserved 1179648K
  class space    used 14642K, committed 14976K, reserved 1048576K
}
Event: 17.700 GC heap after
{Heap after GC invocations=40 (full 0):
 garbage-first heap   total 195584K, used 110883K [0x0000000080000000, 0x0000000100000000)
  region size 1024K, 4 young (4096K), 4 survivors (4096K)
 Metaspace       used 106266K, committed 107008K, reserved 1179648K
  class space    used 14642K, committed 14976K, reserved 1048576K
}
Event: 18.302 GC heap before
{Heap before GC invocations=40 (full 0):
 garbage-first heap   total 195584K, used 159011K [0x0000000080000000, 0x0000000100000000)
  region size 1024K, 52 young (53248K), 4 survivors (4096K)
 Metaspace       used 106791K, committed 107584K, reserved 1179648K
  class space    used 14733K, committed 15104K, reserved 1048576K
}
Event: 18.306 GC heap after
{Heap after GC invocations=41 (full 0):
 garbage-first heap   total 195584K, used 111768K [0x0000000080000000, 0x0000000100000000)
  region size 1024K, 5 young (5120K), 5 survivors (5120K)
 Metaspace       used 106791K, committed 107584K, reserved 1179648K
  class space    used 14733K, committed 15104K, reserved 1048576K
}
Event: 18.839 GC heap before
{Heap before GC invocations=41 (full 0):
 garbage-first heap   total 195584K, used 162968K [0x0000000080000000, 0x0000000100000000)
  region size 1024K, 52 young (53248K), 5 survivors (5120K)
 Metaspace       used 108461K, committed 109248K, reserved 1179648K
  class space    used 14905K, committed 15296K, reserved 1048576K
}
Event: 18.851 GC heap after
{Heap after GC invocations=42 (full 0):
 garbage-first heap   total 195584K, used 129964K [0x0000000080000000, 0x0000000100000000)
  region size 1024K, 7 young (7168K), 7 survivors (7168K)
 Metaspace       used 108461K, committed 109248K, reserved 1179648K
  class space    used 14905K, committed 15296K, reserved 1048576K
}
Event: 18.934 GC heap before
{Heap before GC invocations=42 (full 0):
 garbage-first heap   total 195584K, used 150444K [0x0000000080000000, 0x0000000100000000)
  region size 1024K, 27 young (27648K), 7 survivors (7168K)
 Metaspace       used 108603K, committed 109376K, reserved 1179648K
  class space    used 14918K, committed 15296K, reserved 1048576K
}
Event: 18.949 GC heap after
{Heap after GC invocations=43 (full 0):
 garbage-first heap   total 195584K, used 148466K [0x0000000080000000, 0x0000000100000000)
  region size 1024K, 4 young (4096K), 4 survivors (4096K)
 Metaspace       used 108603K, committed 109376K, reserved 1179648K
  class space    used 14918K, committed 15296K, reserved 1048576K
}
Event: 19.000 GC heap before
{Heap before GC invocations=43 (full 0):
 garbage-first heap   total 195584K, used 158706K [0x0000000080000000, 0x0000000100000000)
  region size 1024K, 14 young (14336K), 4 survivors (4096K)
 Metaspace       used 108688K, committed 109440K, reserved 1179648K
  class space    used 14932K, committed 15296K, reserved 1048576K
}
Event: 19.014 GC heap after
{Heap after GC invocations=44 (full 0):
 garbage-first heap   total 448512K, used 154219K [0x0000000080000000, 0x0000000100000000)
  region size 1024K, 2 young (2048K), 2 survivors (2048K)
 Metaspace       used 108688K, committed 109440K, reserved 1179648K
  class space    used 14932K, committed 15296K, reserved 1048576K
}
Event: 20.127 GC heap before
{Heap before GC invocations=44 (full 0):
 garbage-first heap   total 448512K, used 269931K [0x0000000080000000, 0x0000000100000000)
  region size 1024K, 108 young (110592K), 2 survivors (2048K)
 Metaspace       used 111444K, committed 112192K, reserved 1179648K
  class space    used 15268K, committed 15616K, reserved 1048576K
}
Event: 20.141 GC heap after
{Heap after GC invocations=45 (full 0):
 garbage-first heap   total 448512K, used 165606K [0x0000000080000000, 0x0000000100000000)
  region size 1024K, 14 young (14336K), 14 survivors (14336K)
 Metaspace       used 111444K, committed 112192K, reserved 1179648K
  class space    used 15268K, committed 15616K, reserved 1048576K
}
Event: 21.437 GC heap before
{Heap before GC invocations=45 (full 0):
 garbage-first heap   total 448512K, used 330470K [0x0000000080000000, 0x0000000100000000)
  region size 1024K, 146 young (149504K), 14 survivors (14336K)
 Metaspace       used 114698K, committed 115520K, reserved 1179648K
  class space    used 15593K, committed 16000K, reserved 1048576K
}
Event: 21.455 GC heap after
{Heap after GC invocations=46 (full 0):
 garbage-first heap   total 448512K, used 169315K [0x0000000080000000, 0x0000000100000000)
  region size 1024K, 11 young (11264K), 11 survivors (11264K)
 Metaspace       used 114698K, committed 115520K, reserved 1179648K
  class space    used 15593K, committed 16000K, reserved 1048576K
}

