# JRE version: OpenJDK Runtime Environment (17.0.10) (build 17.0.10+0--11572160)
# Java VM: OpenJDK 64-Bit Server VM (17.0.10+0--11572160, mixed mode, tiered, compressed oops, compressed class ptrs, g1 gc, windows-amd64)
GC Precious Log:
 CPUs: 8 total, 8 available
 Memory: 8089M
 Large Page Support: Disabled
 NUMA Support: Disabled
 Compressed Oops: Enabled (32-bit)
 Heap Region Size: 1M
 Heap Min Capacity: 8M
 Heap Initial Capacity: 128M
 Heap Max Capacity: 2G
 Pre-touch: Disabled
 Parallel Workers: 8
 Concurrent Workers: 2
 Concurrent Refinement Workers: 8
 Periodic GC: Disabled
Heap:
 garbage-first heap   total 474112K, used 352883K [0x0000000080000000, 0x0000000100000000)
  region size 1024K, 15 young (15360K), 3 survivors (3072K)
 Metaspace       used 204177K, committed 205696K, reserved 1245184K
  class space    used 27563K, committed 28288K, reserved 1048576K
GC Heap History (20 events):
Event: 1384.570 GC heap before
{Heap before GC invocations=118 (full 0):
 garbage-first heap   total 405504K, used 350005K [0x0000000080000000, 0x0000000100000000)
  region size 1024K, 43 young (44032K), 6 survivors (6144K)
 Metaspace       used 162808K, committed 164032K, reserved 1245184K
  class space    used 21660K, committed 22272K, reserved 1048576K
}
Event: 1384.577 GC heap after
{Heap after GC invocations=119 (full 0):
 garbage-first heap   total 405504K, used 313841K [0x0000000080000000, 0x0000000100000000)
  region size 1024K, 2 young (2048K), 2 survivors (2048K)
 Metaspace       used 162808K, committed 164032K, reserved 1245184K
  class space    used 21660K, committed 22272K, reserved 1048576K
}
Event: 1384.700 GC heap before
{Heap before GC invocations=119 (full 0):
 garbage-first heap   total 405504K, used 352753K [0x0000000080000000, 0x0000000100000000)
  region size 1024K, 40 young (40960K), 2 survivors (2048K)
 Metaspace       used 163996K, committed 165248K, reserved 1245184K
  class space    used 21993K, committed 22592K, reserved 1048576K
}
Event: 1384.704 GC heap after
{Heap after GC invocations=120 (full 0):
 garbage-first heap   total 474112K, used 314373K [0x0000000080000000, 0x0000000100000000)
  region size 1024K, 3 young (3072K), 3 survivors (3072K)
 Metaspace       used 163996K, committed 165248K, reserved 1245184K
  class space    used 21993K, committed 22592K, reserved 1048576K
}
Event: 1385.049 GC heap before
{Heap before GC invocations=120 (full 0):
 garbage-first heap   total 474112K, used 401413K [0x0000000080000000, 0x0000000100000000)
  region size 1024K, 89 young (91136K), 3 survivors (3072K)
 Metaspace       used 166527K, committed 167808K, reserved 1245184K
  class space    used 22469K, committed 23104K, reserved 1048576K
}
Event: 1385.055 GC heap after
{Heap after GC invocations=121 (full 0):
 garbage-first heap   total 474112K, used 315771K [0x0000000080000000, 0x0000000100000000)
  region size 1024K, 4 young (4096K), 4 survivors (4096K)
 Metaspace       used 166527K, committed 167808K, reserved 1245184K
  class space    used 22469K, committed 23104K, reserved 1048576K
}
Event: 1385.439 GC heap before
{Heap before GC invocations=121 (full 0):
 garbage-first heap   total 474112K, used 408955K [0x0000000080000000, 0x0000000100000000)
  region size 1024K, 95 young (97280K), 4 survivors (4096K)
 Metaspace       used 168785K, committed 170048K, reserved 1245184K
  class space    used 22872K, committed 23488K, reserved 1048576K
}
Event: 1385.445 GC heap after
{Heap after GC invocations=122 (full 0):
 garbage-first heap   total 474112K, used 317691K [0x0000000080000000, 0x0000000100000000)
  region size 1024K, 6 young (6144K), 6 survivors (6144K)
 Metaspace       used 168785K, committed 170048K, reserved 1245184K
  class space    used 22872K, committed 23488K, reserved 1048576K
}
Event: 1386.161 GC heap before
{Heap before GC invocations=122 (full 0):
 garbage-first heap   total 474112K, used 411899K [0x0000000080000000, 0x0000000100000000)
  region size 1024K, 97 young (99328K), 6 survivors (6144K)
 Metaspace       used 171576K, committed 172864K, reserved 1245184K
  class space    used 23265K, committed 23872K, reserved 1048576K
}
Event: 1386.170 GC heap after
{Heap after GC invocations=123 (full 0):
 garbage-first heap   total 474112K, used 317660K [0x0000000080000000, 0x0000000100000000)
  region size 1024K, 6 young (6144K), 6 survivors (6144K)
 Metaspace       used 171576K, committed 172864K, reserved 1245184K
  class space    used 23265K, committed 23872K, reserved 1048576K
}
Event: 1387.478 GC heap before
{Heap before GC invocations=123 (full 0):
 garbage-first heap   total 474112K, used 412892K [0x0000000080000000, 0x0000000100000000)
  region size 1024K, 99 young (101376K), 6 survivors (6144K)
 Metaspace       used 172628K, committed 173952K, reserved 1245184K
  class space    used 23346K, committed 24000K, reserved 1048576K
}
Event: 1387.485 GC heap after
{Heap after GC invocations=124 (full 0):
 garbage-first heap   total 474112K, used 317370K [0x0000000080000000, 0x0000000100000000)
  region size 1024K, 6 young (6144K), 6 survivors (6144K)
 Metaspace       used 172628K, committed 173952K, reserved 1245184K
  class space    used 23346K, committed 24000K, reserved 1048576K
}
Event: 1611.685 GC heap before
{Heap before GC invocations=124 (full 0):
 garbage-first heap   total 474112K, used 413626K [0x0000000080000000, 0x0000000100000000)
  region size 1024K, 101 young (103424K), 6 survivors (6144K)
 Metaspace       used 180114K, committed 181504K, reserved 1245184K
  class space    used 24766K, committed 25408K, reserved 1048576K
}
Event: 1611.693 GC heap after
{Heap after GC invocations=125 (full 0):
 garbage-first heap   total 474112K, used 320814K [0x0000000080000000, 0x0000000100000000)
  region size 1024K, 9 young (9216K), 9 survivors (9216K)
 Metaspace       used 180114K, committed 181504K, reserved 1245184K
  class space    used 24766K, committed 25408K, reserved 1048576K
}
Event: 1612.769 GC heap before
{Heap before GC invocations=125 (full 0):
 garbage-first heap   total 474112K, used 422190K [0x0000000080000000, 0x0000000100000000)
  region size 1024K, 101 young (103424K), 9 survivors (9216K)
 Metaspace       used 188664K, committed 190080K, reserved 1245184K
  class space    used 25827K, committed 26496K, reserved 1048576K
}
Event: 1612.787 GC heap after
{Heap after GC invocations=126 (full 0):
 garbage-first heap   total 474112K, used 331682K [0x0000000080000000, 0x0000000100000000)
  region size 1024K, 13 young (13312K), 13 survivors (13312K)
 Metaspace       used 188664K, committed 190080K, reserved 1245184K
  class space    used 25827K, committed 26496K, reserved 1048576K
}
Event: 1613.731 GC heap before
{Heap before GC invocations=126 (full 0):
 garbage-first heap   total 474112K, used 414626K [0x0000000080000000, 0x0000000100000000)
  region size 1024K, 87 young (89088K), 13 survivors (13312K)
 Metaspace       used 197442K, committed 198848K, reserved 1245184K
  class space    used 26715K, committed 27392K, reserved 1048576K
}
Event: 1613.744 GC heap after
{Heap after GC invocations=127 (full 0):
 garbage-first heap   total 474112K, used 345484K [0x0000000080000000, 0x0000000100000000)
  region size 1024K, 7 young (7168K), 7 survivors (7168K)
 Metaspace       used 197442K, committed 198848K, reserved 1245184K
  class space    used 26715K, committed 27392K, reserved 1048576K
}
Event: 1614.298 GC heap before
{Heap before GC invocations=127 (full 0):
 garbage-first heap   total 474112K, used 387468K [0x0000000080000000, 0x0000000100000000)
  region size 1024K, 49 young (50176K), 7 survivors (7168K)
 Metaspace       used 202207K, committed 203648K, reserved 1245184K
  class space    used 27299K, committed 28032K, reserved 1048576K
}
Event: 1614.305 GC heap after
{Heap after GC invocations=128 (full 0):
 garbage-first heap   total 474112K, used 347763K [0x0000000080000000, 0x0000000100000000)
  region size 1024K, 3 young (3072K), 3 survivors (3072K)
 Metaspace       used 202207K, committed 203648K, reserved 1245184K
  class space    used 27299K, committed 28032K, reserved 1048576K
}

