# JRE version: OpenJDK Runtime Environment (17.0.10) (build 17.0.10+0--11572160)
# Java VM: OpenJDK 64-Bit Server VM (17.0.10+0--11572160, mixed mode, tiered, compressed oops, compressed class ptrs, g1 gc, windows-amd64)
GC Precious Log:
 CPUs: 8 total, 8 available
 Memory: 8089M
 Large Page Support: Disabled
 NUMA Support: Disabled
 Compressed Oops: Enabled (32-bit)
 Heap Region Size: 1M
 Heap Min Capacity: 8M
 Heap Initial Capacity: 128M
 Heap Max Capacity: 2024M
 Pre-touch: Disabled
 Parallel Workers: 8
 Concurrent Workers: 2
 Concurrent Refinement Workers: 8
 Periodic GC: Disabled
Heap:
 garbage-first heap   total 65536K, used 34665K [0x0000000081800000, 0x0000000100000000)
  region size 1024K, 3 young (3072K), 3 survivors (3072K)
 Metaspace       used 47628K, committed 47808K, reserved 1114112K
  class space    used 5619K, committed 5696K, reserved 1048576K
GC Heap History (20 events):
Event: 1.149 GC heap after
{Heap after GC invocations=2 (full 0):
 garbage-first heap   total 131072K, used 7771K [0x0000000081800000, 0x0000000100000000)
  region size 1024K, 1 young (1024K), 1 survivors (1024K)
 Metaspace       used 21349K, committed 21504K, reserved 1114112K
  class space    used 2413K, committed 2496K, reserved 1048576K
}
Event: 1.419 GC heap before
{Heap before GC invocations=3 (full 0):
 garbage-first heap   total 30720K, used 24155K [0x0000000081800000, 0x0000000100000000)
  region size 1024K, 18 young (18432K), 1 survivors (1024K)
 Metaspace       used 23039K, committed 23296K, reserved 1114112K
  class space    used 2775K, committed 2880K, reserved 1048576K
}
Event: 1.427 GC heap after
{Heap after GC invocations=4 (full 0):
 garbage-first heap   total 30720K, used 11317K [0x0000000081800000, 0x0000000100000000)
  region size 1024K, 5 young (5120K), 5 survivors (5120K)
 Metaspace       used 23039K, committed 23296K, reserved 1114112K
  class space    used 2775K, committed 2880K, reserved 1048576K
}
Event: 1.435 GC heap before
{Heap before GC invocations=4 (full 0):
 garbage-first heap   total 30720K, used 14389K [0x0000000081800000, 0x0000000100000000)
  region size 1024K, 6 young (6144K), 5 survivors (5120K)
 Metaspace       used 23040K, committed 23296K, reserved 1114112K
  class space    used 2775K, committed 2880K, reserved 1048576K
}
Event: 1.444 GC heap after
{Heap after GC invocations=5 (full 0):
 garbage-first heap   total 30720K, used 13876K [0x0000000081800000, 0x0000000100000000)
  region size 1024K, 1 young (1024K), 1 survivors (1024K)
 Metaspace       used 23040K, committed 23296K, reserved 1114112K
  class space    used 2775K, committed 2880K, reserved 1048576K
}
Event: 1.554 GC heap before
{Heap before GC invocations=5 (full 0):
 garbage-first heap   total 30720K, used 22068K [0x0000000081800000, 0x0000000100000000)
  region size 1024K, 9 young (9216K), 1 survivors (1024K)
 Metaspace       used 23475K, committed 23680K, reserved 1114112K
  class space    used 2834K, committed 2944K, reserved 1048576K
}
Event: 1.560 GC heap after
{Heap after GC invocations=6 (full 0):
 garbage-first heap   total 30720K, used 16749K [0x0000000081800000, 0x0000000100000000)
  region size 1024K, 2 young (2048K), 2 survivors (2048K)
 Metaspace       used 23475K, committed 23680K, reserved 1114112K
  class space    used 2834K, committed 2944K, reserved 1048576K
}
Event: 1.710 GC heap before
{Heap before GC invocations=6 (full 0):
 garbage-first heap   total 30720K, used 21869K [0x0000000081800000, 0x0000000100000000)
  region size 1024K, 7 young (7168K), 2 survivors (2048K)
 Metaspace       used 25134K, committed 25280K, reserved 1114112K
  class space    used 3236K, committed 3328K, reserved 1048576K
}
Event: 1.716 GC heap after
{Heap after GC invocations=7 (full 0):
 garbage-first heap   total 80896K, used 17298K [0x0000000081800000, 0x0000000100000000)
  region size 1024K, 1 young (1024K), 1 survivors (1024K)
 Metaspace       used 25134K, committed 25280K, reserved 1114112K
  class space    used 3236K, committed 3328K, reserved 1048576K
}
Event: 2.312 GC heap before
{Heap before GC invocations=8 (full 0):
 garbage-first heap   total 65536K, used 53138K [0x0000000081800000, 0x0000000100000000)
  region size 1024K, 36 young (36864K), 1 survivors (1024K)
 Metaspace       used 32927K, committed 33152K, reserved 1114112K
  class space    used 4048K, committed 4160K, reserved 1048576K
}
Event: 2.319 GC heap after
{Heap after GC invocations=9 (full 0):
 garbage-first heap   total 65536K, used 18807K [0x0000000081800000, 0x0000000100000000)
  region size 1024K, 4 young (4096K), 4 survivors (4096K)
 Metaspace       used 32927K, committed 33152K, reserved 1114112K
  class space    used 4048K, committed 4160K, reserved 1048576K
}
Event: 2.799 GC heap before
{Heap before GC invocations=9 (full 0):
 garbage-first heap   total 65536K, used 45431K [0x0000000081800000, 0x0000000100000000)
  region size 1024K, 30 young (30720K), 4 survivors (4096K)
 Metaspace       used 38987K, committed 39168K, reserved 1114112K
  class space    used 4699K, committed 4800K, reserved 1048576K
}
Event: 2.808 GC heap after
{Heap after GC invocations=10 (full 0):
 garbage-first heap   total 65536K, used 21710K [0x0000000081800000, 0x0000000100000000)
  region size 1024K, 3 young (3072K), 3 survivors (3072K)
 Metaspace       used 38987K, committed 39168K, reserved 1114112K
  class space    used 4699K, committed 4800K, reserved 1048576K
}
Event: 3.053 GC heap before
{Heap before GC invocations=10 (full 0):
 garbage-first heap   total 65536K, used 47310K [0x0000000081800000, 0x0000000100000000)
  region size 1024K, 28 young (28672K), 3 survivors (3072K)
 Metaspace       used 40516K, committed 40768K, reserved 1114112K
  class space    used 4860K, committed 4992K, reserved 1048576K
}
Event: 3.060 GC heap after
{Heap after GC invocations=11 (full 0):
 garbage-first heap   total 65536K, used 23058K [0x0000000081800000, 0x0000000100000000)
  region size 1024K, 2 young (2048K), 2 survivors (2048K)
 Metaspace       used 40516K, committed 40768K, reserved 1114112K
  class space    used 4860K, committed 4992K, reserved 1048576K
}
Event: 3.299 GC heap before
{Heap before GC invocations=11 (full 0):
 garbage-first heap   total 65536K, used 42514K [0x0000000081800000, 0x0000000100000000)
  region size 1024K, 23 young (23552K), 2 survivors (2048K)
 Metaspace       used 42388K, committed 42560K, reserved 1114112K
  class space    used 5054K, committed 5120K, reserved 1048576K
}
Event: 3.306 GC heap after
{Heap after GC invocations=12 (full 0):
 garbage-first heap   total 65536K, used 24368K [0x0000000081800000, 0x0000000100000000)
  region size 1024K, 3 young (3072K), 3 survivors (3072K)
 Metaspace       used 42388K, committed 42560K, reserved 1114112K
  class space    used 5054K, committed 5120K, reserved 1048576K
}
Event: 3.797 GC heap before
{Heap before GC invocations=13 (full 0):
 garbage-first heap   total 65536K, used 49968K [0x0000000081800000, 0x0000000100000000)
  region size 1024K, 27 young (27648K), 3 survivors (3072K)
 Metaspace       used 45821K, committed 46016K, reserved 1114112K
  class space    used 5466K, committed 5568K, reserved 1048576K
}
Event: 3.809 GC heap after
{Heap after GC invocations=14 (full 0):
 garbage-first heap   total 65536K, used 31170K [0x0000000081800000, 0x0000000100000000)
  region size 1024K, 4 young (4096K), 4 survivors (4096K)
 Metaspace       used 45821K, committed 46016K, reserved 1114112K
  class space    used 5466K, committed 5568K, reserved 1048576K
}
Event: 4.309 GC heap before
{Heap before GC invocations=14 (full 0):
 garbage-first heap   total 65536K, used 49602K [0x0000000081800000, 0x0000000100000000)
  region size 1024K, 22 young (22528K), 4 survivors (4096K)
 Metaspace       used 47628K, committed 47808K, reserved 1114112K
  class space    used 5619K, committed 5696K, reserved 1048576K
}

