# JRE version: OpenJDK Runtime Environment (17.0.10) (build 17.0.10+0--11572160)
# Java VM: OpenJDK 64-Bit Server VM (17.0.10+0--11572160, mixed mode, tiered, compressed oops, compressed class ptrs, g1 gc, windows-amd64)
GC Precious Log:
 CPUs: 8 total, 8 available
 Memory: 8089M
 Large Page Support: Disabled
 NUMA Support: Disabled
 Compressed Oops: Enabled (32-bit)
 Heap Region Size: 1M
 Heap Min Capacity: 8M
 Heap Initial Capacity: 128M
 Heap Max Capacity: 2024M
 Pre-touch: Disabled
 Parallel Workers: 8
 Concurrent Workers: 2
 Concurrent Refinement Workers: 8
 Periodic GC: Disabled
Heap:
 garbage-first heap   total 72704K, used 42337K [0x0000000081800000, 0x0000000100000000)
  region size 1024K, 7 young (7168K), 3 survivors (3072K)
 Metaspace       used 49445K, committed 49728K, reserved 1114112K
  class space    used 5774K, committed 5888K, reserved 1048576K
GC Heap History (20 events):
Event: 1.451 GC heap before
{Heap before GC invocations=7 (full 0):
 garbage-first heap   total 31744K, used 21276K [0x0000000081800000, 0x0000000100000000)
  region size 1024K, 7 young (7168K), 1 survivors (1024K)
 Metaspace       used 27733K, committed 27904K, reserved 1114112K
  class space    used 3543K, committed 3648K, reserved 1048576K
}
Event: 1.453 GC heap after
{Heap after GC invocations=8 (full 0):
 garbage-first heap   total 31744K, used 16954K [0x0000000081800000, 0x0000000100000000)
  region size 1024K, 1 young (1024K), 1 survivors (1024K)
 Metaspace       used 27733K, committed 27904K, reserved 1114112K
  class space    used 3543K, committed 3648K, reserved 1048576K
}
Event: 1.539 GC heap before
{Heap before GC invocations=8 (full 0):
 garbage-first heap   total 31744K, used 22074K [0x0000000081800000, 0x0000000100000000)
  region size 1024K, 7 young (7168K), 1 survivors (1024K)
 Metaspace       used 28724K, committed 28864K, reserved 1114112K
  class space    used 3652K, committed 3712K, reserved 1048576K
}
Event: 1.543 GC heap after
{Heap after GC invocations=9 (full 0):
 garbage-first heap   total 81920K, used 15884K [0x0000000081800000, 0x0000000100000000)
  region size 1024K, 1 young (1024K), 1 survivors (1024K)
 Metaspace       used 28724K, committed 28864K, reserved 1114112K
  class space    used 3652K, committed 3712K, reserved 1048576K
}
Event: 1.979 GC heap before
{Heap before GC invocations=10 (full 0):
 garbage-first heap   total 58368K, used 49676K [0x0000000081800000, 0x0000000100000000)
  region size 1024K, 34 young (34816K), 1 survivors (1024K)
 Metaspace       used 35508K, committed 35712K, reserved 1114112K
  class space    used 4318K, committed 4416K, reserved 1048576K
}
Event: 1.985 GC heap after
{Heap after GC invocations=11 (full 0):
 garbage-first heap   total 58368K, used 18667K [0x0000000081800000, 0x0000000100000000)
  region size 1024K, 4 young (4096K), 4 survivors (4096K)
 Metaspace       used 35508K, committed 35712K, reserved 1114112K
  class space    used 4318K, committed 4416K, reserved 1048576K
}
Event: 2.378 GC heap before
{Heap before GC invocations=11 (full 0):
 garbage-first heap   total 58368K, used 42219K [0x0000000081800000, 0x0000000100000000)
  region size 1024K, 27 young (27648K), 4 survivors (4096K)
 Metaspace       used 40355K, committed 40704K, reserved 1114112K
  class space    used 4861K, committed 4992K, reserved 1048576K
}
Event: 2.388 GC heap after
{Heap after GC invocations=12 (full 0):
 garbage-first heap   total 58368K, used 21616K [0x0000000081800000, 0x0000000100000000)
  region size 1024K, 3 young (3072K), 3 survivors (3072K)
 Metaspace       used 40355K, committed 40704K, reserved 1114112K
  class space    used 4861K, committed 4992K, reserved 1048576K
}
Event: 2.461 GC heap before
{Heap before GC invocations=12 (full 0):
 garbage-first heap   total 58368K, used 43120K [0x0000000081800000, 0x0000000100000000)
  region size 1024K, 24 young (24576K), 3 survivors (3072K)
 Metaspace       used 40465K, committed 40704K, reserved 1114112K
  class space    used 4861K, committed 4992K, reserved 1048576K
}
Event: 2.465 GC heap after
{Heap after GC invocations=13 (full 0):
 garbage-first heap   total 58368K, used 22356K [0x0000000081800000, 0x0000000100000000)
  region size 1024K, 2 young (2048K), 2 survivors (2048K)
 Metaspace       used 40465K, committed 40704K, reserved 1114112K
  class space    used 4861K, committed 4992K, reserved 1048576K
}
Event: 2.801 GC heap before
{Heap before GC invocations=13 (full 0):
 garbage-first heap   total 58368K, used 45908K [0x0000000081800000, 0x0000000100000000)
  region size 1024K, 23 young (23552K), 2 survivors (2048K)
 Metaspace       used 42889K, committed 43072K, reserved 1114112K
  class space    used 5130K, committed 5248K, reserved 1048576K
}
Event: 2.808 GC heap after
{Heap after GC invocations=14 (full 0):
 garbage-first heap   total 72704K, used 27450K [0x0000000081800000, 0x0000000100000000)
  region size 1024K, 3 young (3072K), 3 survivors (3072K)
 Metaspace       used 42889K, committed 43072K, reserved 1114112K
  class space    used 5130K, committed 5248K, reserved 1048576K
}
Event: 3.435 GC heap before
{Heap before GC invocations=14 (full 0):
 garbage-first heap   total 72704K, used 54074K [0x0000000081800000, 0x0000000100000000)
  region size 1024K, 29 young (29696K), 3 survivors (3072K)
 Metaspace       used 47380K, committed 47552K, reserved 1114112K
  class space    used 5613K, committed 5696K, reserved 1048576K
}
Event: 3.448 GC heap after
{Heap after GC invocations=15 (full 0):
 garbage-first heap   total 72704K, used 31778K [0x0000000081800000, 0x0000000100000000)
  region size 1024K, 4 young (4096K), 4 survivors (4096K)
 Metaspace       used 47380K, committed 47552K, reserved 1114112K
  class space    used 5613K, committed 5696K, reserved 1048576K
}
Event: 3.873 GC heap before
{Heap before GC invocations=15 (full 0):
 garbage-first heap   total 72704K, used 54306K [0x0000000081800000, 0x0000000100000000)
  region size 1024K, 26 young (26624K), 4 survivors (4096K)
 Metaspace       used 48142K, committed 48384K, reserved 1114112K
  class space    used 5631K, committed 5760K, reserved 1048576K
}
Event: 3.891 GC heap after
{Heap after GC invocations=16 (full 0):
 garbage-first heap   total 72704K, used 36197K [0x0000000081800000, 0x0000000100000000)
  region size 1024K, 4 young (4096K), 4 survivors (4096K)
 Metaspace       used 48142K, committed 48384K, reserved 1114112K
  class space    used 5631K, committed 5760K, reserved 1048576K
}
Event: 3.972 GC heap before
{Heap before GC invocations=16 (full 0):
 garbage-first heap   total 72704K, used 41317K [0x0000000081800000, 0x0000000100000000)
  region size 1024K, 10 young (10240K), 4 survivors (4096K)
 Metaspace       used 48267K, committed 48448K, reserved 1114112K
  class space    used 5641K, committed 5760K, reserved 1048576K
}
Event: 3.980 GC heap after
{Heap after GC invocations=17 (full 0):
 garbage-first heap   total 72704K, used 38240K [0x0000000081800000, 0x0000000100000000)
  region size 1024K, 2 young (2048K), 2 survivors (2048K)
 Metaspace       used 48267K, committed 48448K, reserved 1114112K
  class space    used 5641K, committed 5760K, reserved 1048576K
}
Event: 4.189 GC heap before
{Heap before GC invocations=18 (full 0):
 garbage-first heap   total 72704K, used 55648K [0x0000000081800000, 0x0000000100000000)
  region size 1024K, 19 young (19456K), 2 survivors (2048K)
 Metaspace       used 48576K, committed 48832K, reserved 1114112K
  class space    used 5679K, committed 5760K, reserved 1048576K
}
Event: 4.198 GC heap after
{Heap after GC invocations=19 (full 0):
 garbage-first heap   total 72704K, used 40289K [0x0000000081800000, 0x0000000100000000)
  region size 1024K, 3 young (3072K), 3 survivors (3072K)
 Metaspace       used 48576K, committed 48832K, reserved 1114112K
  class space    used 5679K, committed 5760K, reserved 1048576K
}

