# JRE version: OpenJDK Runtime Environment (17.0.10) (build 17.0.10+0--11572160)
# Java VM: OpenJDK 64-Bit Server VM (17.0.10+0--11572160, mixed mode, tiered, compressed oops, compressed class ptrs, g1 gc, windows-amd64)
GC Precious Log:
 CPUs: 8 total, 8 available
 Memory: 8089M
 Large Page Support: Disabled
 NUMA Support: Disabled
 Compressed Oops: Enabled (32-bit)
 Heap Region Size: 1M
 Heap Min Capacity: 8M
 Heap Initial Capacity: 128M
 Heap Max Capacity: 2024M
 Pre-touch: Disabled
 Parallel Workers: 8
 Concurrent Workers: 2
 Concurrent Refinement Workers: 8
 Periodic GC: Disabled
Heap:
 garbage-first heap   total 147456K, used 85223K [0x0000000081800000, 0x0000000100000000)
  region size 1024K, 5 young (5120K), 5 survivors (5120K)
 Metaspace       used 87354K, committed 87616K, reserved 1179648K
  class space    used 9400K, committed 9536K, reserved 1048576K
GC Heap History (20 events):
Event: 10.128 GC heap after
{Heap after GC invocations=18 (full 0):
 garbage-first heap   total 95232K, used 55991K [0x0000000081800000, 0x0000000100000000)
  region size 1024K, 3 young (3072K), 3 survivors (3072K)
 Metaspace       used 58480K, committed 58752K, reserved 1114112K
  class space    used 6949K, committed 7104K, reserved 1048576K
}
Event: 10.226 GC heap before
{Heap before GC invocations=18 (full 0):
 garbage-first heap   total 95232K, used 57015K [0x0000000081800000, 0x0000000100000000)
  region size 1024K, 4 young (4096K), 3 survivors (3072K)
 Metaspace       used 58591K, committed 58880K, reserved 1114112K
  class space    used 6954K, committed 7104K, reserved 1048576K
}
Event: 10.239 GC heap after
{Heap after GC invocations=19 (full 0):
 garbage-first heap   total 95232K, used 54268K [0x0000000081800000, 0x0000000100000000)
  region size 1024K, 1 young (1024K), 1 survivors (1024K)
 Metaspace       used 58591K, committed 58880K, reserved 1114112K
  class space    used 6954K, committed 7104K, reserved 1048576K
}
Event: 11.120 GC heap before
{Heap before GC invocations=19 (full 0):
 garbage-first heap   total 95232K, used 74748K [0x0000000081800000, 0x0000000100000000)
  region size 1024K, 21 young (21504K), 1 survivors (1024K)
 Metaspace       used 59713K, committed 60032K, reserved 1114112K
  class space    used 7048K, committed 7232K, reserved 1048576K
}
Event: 11.139 GC heap after
{Heap after GC invocations=20 (full 0):
 garbage-first heap   total 147456K, used 57873K [0x0000000081800000, 0x0000000100000000)
  region size 1024K, 3 young (3072K), 3 survivors (3072K)
 Metaspace       used 59713K, committed 60032K, reserved 1114112K
  class space    used 7048K, committed 7232K, reserved 1048576K
}
Event: 13.761 GC heap before
{Heap before GC invocations=21 (full 0):
 garbage-first heap   total 147456K, used 109073K [0x0000000081800000, 0x0000000100000000)
  region size 1024K, 52 young (53248K), 3 survivors (3072K)
 Metaspace       used 62114K, committed 62400K, reserved 1114112K
  class space    used 7150K, committed 7296K, reserved 1048576K
}
Event: 13.787 GC heap after
{Heap after GC invocations=22 (full 0):
 garbage-first heap   total 147456K, used 65168K [0x0000000081800000, 0x0000000100000000)
  region size 1024K, 7 young (7168K), 7 survivors (7168K)
 Metaspace       used 62114K, committed 62400K, reserved 1114112K
  class space    used 7150K, committed 7296K, reserved 1048576K
}
Event: 13.860 GC heap before
{Heap before GC invocations=22 (full 0):
 garbage-first heap   total 147456K, used 66192K [0x0000000081800000, 0x0000000100000000)
  region size 1024K, 8 young (8192K), 7 survivors (7168K)
 Metaspace       used 62136K, committed 62400K, reserved 1114112K
  class space    used 7150K, committed 7296K, reserved 1048576K
}
Event: 13.882 GC heap after
{Heap after GC invocations=23 (full 0):
 garbage-first heap   total 147456K, used 65201K [0x0000000081800000, 0x0000000100000000)
  region size 1024K, 1 young (1024K), 1 survivors (1024K)
 Metaspace       used 62136K, committed 62400K, reserved 1114112K
  class space    used 7150K, committed 7296K, reserved 1048576K
}
Event: 15.773 GC heap before
{Heap before GC invocations=23 (full 0):
 garbage-first heap   total 147456K, used 110257K [0x0000000081800000, 0x0000000100000000)
  region size 1024K, 45 young (46080K), 1 survivors (1024K)
 Metaspace       used 67508K, committed 67776K, reserved 1114112K
  class space    used 7652K, committed 7808K, reserved 1048576K
}
Event: 15.782 GC heap after
{Heap after GC invocations=24 (full 0):
 garbage-first heap   total 147456K, used 67249K [0x0000000081800000, 0x0000000100000000)
  region size 1024K, 3 young (3072K), 3 survivors (3072K)
 Metaspace       used 67508K, committed 67776K, reserved 1114112K
  class space    used 7652K, committed 7808K, reserved 1048576K
}
Event: 17.583 GC heap before
{Heap before GC invocations=24 (full 0):
 garbage-first heap   total 147456K, used 113329K [0x0000000081800000, 0x0000000100000000)
  region size 1024K, 48 young (49152K), 3 survivors (3072K)
 Metaspace       used 74074K, committed 74368K, reserved 1179648K
  class space    used 8308K, committed 8448K, reserved 1048576K
}
Event: 17.600 GC heap after
{Heap after GC invocations=25 (full 0):
 garbage-first heap   total 147456K, used 72105K [0x0000000081800000, 0x0000000100000000)
  region size 1024K, 6 young (6144K), 6 survivors (6144K)
 Metaspace       used 74074K, committed 74368K, reserved 1179648K
  class space    used 8308K, committed 8448K, reserved 1048576K
}
Event: 19.424 GC heap before
{Heap before GC invocations=25 (full 0):
 garbage-first heap   total 147456K, used 115113K [0x0000000081800000, 0x0000000100000000)
  region size 1024K, 48 young (49152K), 6 survivors (6144K)
 Metaspace       used 80361K, committed 80640K, reserved 1179648K
  class space    used 8906K, committed 9024K, reserved 1048576K
}
Event: 19.448 GC heap after
{Heap after GC invocations=26 (full 0):
 garbage-first heap   total 147456K, used 76669K [0x0000000081800000, 0x0000000100000000)
  region size 1024K, 5 young (5120K), 5 survivors (5120K)
 Metaspace       used 80361K, committed 80640K, reserved 1179648K
  class space    used 8906K, committed 9024K, reserved 1048576K
}
Event: 20.358 GC heap before
{Heap before GC invocations=26 (full 0):
 garbage-first heap   total 147456K, used 116605K [0x0000000081800000, 0x0000000100000000)
  region size 1024K, 44 young (45056K), 5 survivors (5120K)
 Metaspace       used 81749K, committed 82112K, reserved 1179648K
  class space    used 8987K, committed 9152K, reserved 1048576K
}
Event: 20.375 GC heap after
{Heap after GC invocations=27 (full 0):
 garbage-first heap   total 147456K, used 80353K [0x0000000081800000, 0x0000000100000000)
  region size 1024K, 4 young (4096K), 4 survivors (4096K)
 Metaspace       used 81749K, committed 82112K, reserved 1179648K
  class space    used 8987K, committed 9152K, reserved 1048576K
}
Event: 21.828 GC heap before
{Heap before GC invocations=27 (full 0):
 garbage-first heap   total 147456K, used 118241K [0x0000000081800000, 0x0000000100000000)
  region size 1024K, 41 young (41984K), 4 survivors (4096K)
 Metaspace       used 85908K, committed 86144K, reserved 1179648K
  class space    used 9296K, committed 9408K, reserved 1048576K
}
Event: 21.845 GC heap after
{Heap after GC invocations=28 (full 0):
 garbage-first heap   total 147456K, used 82711K [0x0000000081800000, 0x0000000100000000)
  region size 1024K, 3 young (3072K), 3 survivors (3072K)
 Metaspace       used 85908K, committed 86144K, reserved 1179648K
  class space    used 9296K, committed 9408K, reserved 1048576K
}
Event: 22.994 GC heap before
{Heap before GC invocations=28 (full 0):
 garbage-first heap   total 147456K, used 119575K [0x0000000081800000, 0x0000000100000000)
  region size 1024K, 39 young (39936K), 3 survivors (3072K)
 Metaspace       used 87354K, committed 87616K, reserved 1179648K
  class space    used 9400K, committed 9536K, reserved 1048576K
}

