# JRE version: OpenJDK Runtime Environment (17.0.10) (build 17.0.10+0--11572160)
# Java VM: OpenJDK 64-Bit Server VM (17.0.10+0--11572160, mixed mode, tiered, compressed oops, compressed class ptrs, g1 gc, windows-amd64)
GC Precious Log:
 CPUs: 8 total, 8 available
 Memory: 8089M
 Large Page Support: Disabled
 NUMA Support: Disabled
 Compressed Oops: Enabled (32-bit)
 Heap Region Size: 1M
 Heap Min Capacity: 8M
 Heap Initial Capacity: 128M
 Heap Max Capacity: 2G
 Pre-touch: Disabled
 Parallel Workers: 8
 Concurrent Workers: 2
 Concurrent Refinement Workers: 8
 Periodic GC: Disabled
Heap:
 garbage-first heap   total 526336K, used 282948K [0x0000000080000000, 0x0000000100000000)
  region size 1024K, 13 young (13312K), 13 survivors (13312K)
 Metaspace       used 196506K, committed 198144K, reserved 1245184K
  class space    used 26281K, committed 27072K, reserved 1048576K
GC Heap History (20 events):
Event: 724.119 GC heap after
{Heap after GC invocations=152 (full 0):
 garbage-first heap   total 517120K, used 269743K [0x0000000080000000, 0x0000000100000000)
  region size 1024K, 4 young (4096K), 4 survivors (4096K)
 Metaspace       used 188721K, committed 190208K, reserved 1245184K
  class space    used 25245K, committed 25984K, reserved 1048576K
}
Event: 724.590 GC heap before
{Heap before GC invocations=152 (full 0):
 garbage-first heap   total 517120K, used 321967K [0x0000000080000000, 0x0000000100000000)
  region size 1024K, 56 young (57344K), 4 survivors (4096K)
 Metaspace       used 189052K, committed 190592K, reserved 1245184K
  class space    used 25288K, committed 26048K, reserved 1048576K
}
Event: 724.596 GC heap after
{Heap after GC invocations=153 (full 0):
 garbage-first heap   total 517120K, used 273478K [0x0000000080000000, 0x0000000100000000)
  region size 1024K, 8 young (8192K), 8 survivors (8192K)
 Metaspace       used 189052K, committed 190592K, reserved 1245184K
  class space    used 25288K, committed 26048K, reserved 1048576K
}
Event: 725.738 GC heap before
{Heap before GC invocations=154 (full 0):
 garbage-first heap   total 517120K, used 401478K [0x0000000080000000, 0x0000000100000000)
  region size 1024K, 129 young (132096K), 8 survivors (8192K)
 Metaspace       used 189811K, committed 191296K, reserved 1245184K
  class space    used 25376K, committed 26112K, reserved 1048576K
}
Event: 725.750 GC heap after
{Heap after GC invocations=155 (full 0):
 garbage-first heap   total 517120K, used 290562K [0x0000000080000000, 0x0000000100000000)
  region size 1024K, 17 young (17408K), 17 survivors (17408K)
 Metaspace       used 189811K, committed 191296K, reserved 1245184K
  class space    used 25376K, committed 26112K, reserved 1048576K
}
Event: 725.827 GC heap before
{Heap before GC invocations=155 (full 0):
 garbage-first heap   total 517120K, used 297730K [0x0000000080000000, 0x0000000100000000)
  region size 1024K, 25 young (25600K), 17 survivors (17408K)
 Metaspace       used 190398K, committed 191936K, reserved 1245184K
  class space    used 25471K, committed 26240K, reserved 1048576K
}
Event: 725.847 GC heap after
{Heap after GC invocations=156 (full 0):
 garbage-first heap   total 517120K, used 278834K [0x0000000080000000, 0x0000000100000000)
  region size 1024K, 2 young (2048K), 2 survivors (2048K)
 Metaspace       used 190398K, committed 191936K, reserved 1245184K
  class space    used 25471K, committed 26240K, reserved 1048576K
}
Event: 727.035 GC heap before
{Heap before GC invocations=156 (full 0):
 garbage-first heap   total 517120K, used 378162K [0x0000000080000000, 0x0000000100000000)
  region size 1024K, 101 young (103424K), 2 survivors (2048K)
 Metaspace       used 193867K, committed 195392K, reserved 1245184K
  class space    used 26034K, committed 26752K, reserved 1048576K
}
Event: 727.045 GC heap after
{Heap after GC invocations=157 (full 0):
 garbage-first heap   total 517120K, used 287650K [0x0000000080000000, 0x0000000100000000)
  region size 1024K, 11 young (11264K), 11 survivors (11264K)
 Metaspace       used 193867K, committed 195392K, reserved 1245184K
  class space    used 26034K, committed 26752K, reserved 1048576K
}
Event: 727.956 GC heap before
{Heap before GC invocations=158 (full 0):
 garbage-first heap   total 519168K, used 409506K [0x0000000080000000, 0x0000000100000000)
  region size 1024K, 130 young (133120K), 11 survivors (11264K)
 Metaspace       used 194499K, committed 196032K, reserved 1245184K
  class space    used 26110K, committed 26880K, reserved 1048576K
}
Event: 727.975 GC heap after
{Heap after GC invocations=159 (full 0):
 garbage-first heap   total 519168K, used 305973K [0x0000000080000000, 0x0000000100000000)
  region size 1024K, 17 young (17408K), 17 survivors (17408K)
 Metaspace       used 194499K, committed 196032K, reserved 1245184K
  class space    used 26110K, committed 26880K, reserved 1048576K
}
Event: 728.005 GC heap before
{Heap before GC invocations=159 (full 0):
 garbage-first heap   total 519168K, used 314165K [0x0000000080000000, 0x0000000100000000)
  region size 1024K, 25 young (25600K), 17 survivors (17408K)
 Metaspace       used 194563K, committed 196096K, reserved 1245184K
  class space    used 26114K, committed 26880K, reserved 1048576K
}
Event: 728.029 GC heap after
{Heap after GC invocations=160 (full 0):
 garbage-first heap   total 519168K, used 290016K [0x0000000080000000, 0x0000000100000000)
  region size 1024K, 3 young (3072K), 3 survivors (3072K)
 Metaspace       used 194563K, committed 196096K, reserved 1245184K
  class space    used 26114K, committed 26880K, reserved 1048576K
}
Event: 728.674 GC heap before
{Heap before GC invocations=160 (full 0):
 garbage-first heap   total 519168K, used 409824K [0x0000000080000000, 0x0000000100000000)
  region size 1024K, 121 young (123904K), 3 survivors (3072K)
 Metaspace       used 195443K, committed 196992K, reserved 1245184K
  class space    used 26229K, committed 27008K, reserved 1048576K
}
Event: 728.683 GC heap after
{Heap after GC invocations=161 (full 0):
 garbage-first heap   total 519168K, used 290966K [0x0000000080000000, 0x0000000100000000)
  region size 1024K, 4 young (4096K), 4 survivors (4096K)
 Metaspace       used 195443K, committed 196992K, reserved 1245184K
  class space    used 26229K, committed 27008K, reserved 1048576K
}
Event: 1190.633 GC heap before
{Heap before GC invocations=162 (full 0):
 garbage-first heap   total 526336K, used 444566K [0x0000000080000000, 0x0000000100000000)
  region size 1024K, 128 young (131072K), 4 survivors (4096K)
 Metaspace       used 196029K, committed 197568K, reserved 1245184K
  class space    used 26235K, committed 27008K, reserved 1048576K
}
Event: 1190.640 GC heap after
{Heap after GC invocations=163 (full 0):
 garbage-first heap   total 526336K, used 290568K [0x0000000080000000, 0x0000000100000000)
  region size 1024K, 6 young (6144K), 6 survivors (6144K)
 Metaspace       used 196029K, committed 197568K, reserved 1245184K
  class space    used 26235K, committed 27008K, reserved 1048576K
}
Event: 1190.813 GC heap before
{Heap before GC invocations=163 (full 0):
 garbage-first heap   total 526336K, used 309000K [0x0000000080000000, 0x0000000100000000)
  region size 1024K, 25 young (25600K), 6 survivors (6144K)
 Metaspace       used 196067K, committed 197632K, reserved 1245184K
  class space    used 26236K, committed 27008K, reserved 1048576K
}
Event: 1190.835 GC heap after
{Heap after GC invocations=164 (full 0):
 garbage-first heap   total 526336K, used 273103K [0x0000000080000000, 0x0000000100000000)
  region size 1024K, 3 young (3072K), 3 survivors (3072K)
 Metaspace       used 196067K, committed 197632K, reserved 1245184K
  class space    used 26236K, committed 27008K, reserved 1048576K
}
Event: 1862.006 GC heap before
{Heap before GC invocations=164 (full 0):
 garbage-first heap   total 526336K, used 420559K [0x0000000080000000, 0x0000000100000000)
  region size 1024K, 147 young (150528K), 3 survivors (3072K)
 Metaspace       used 196506K, committed 198144K, reserved 1245184K
  class space    used 26281K, committed 27072K, reserved 1048576K
}

