# JRE version: OpenJDK Runtime Environment (17.0.10) (build 17.0.10+0--11572160)
# Java VM: OpenJDK 64-Bit Server VM (17.0.10+0--11572160, mixed mode, tiered, compressed oops, compressed class ptrs, g1 gc, windows-amd64)
GC Precious Log:
 CPUs: 8 total, 8 available
 Memory: 8089M
 Large Page Support: Disabled
 NUMA Support: Disabled
 Compressed Oops: Enabled (32-bit)
 Heap Region Size: 1M
 Heap Min Capacity: 8M
 Heap Initial Capacity: 128M
 Heap Max Capacity: 2G
 Pre-touch: Disabled
 Parallel Workers: 8
 Concurrent Workers: 2
 Concurrent Refinement Workers: 8
 Periodic GC: Disabled
Heap:
 garbage-first heap   total 479232K, used 368885K [0x0000000080000000, 0x0000000100000000)
  region size 1024K, 8 young (8192K), 4 survivors (4096K)
 Metaspace       used 203511K, committed 205248K, reserved 1245184K
  class space    used 27120K, committed 27904K, reserved 1048576K
GC Heap History (20 events):
Event: 1212.936 GC heap after
{Heap after GC invocations=80 (full 0):
 garbage-first heap   total 479232K, used 280308K [0x0000000080000000, 0x0000000100000000)
  region size 1024K, 10 young (10240K), 10 survivors (10240K)
 Metaspace       used 175311K, committed 176832K, reserved 1245184K
  class space    used 23339K, committed 24064K, reserved 1048576K
}
Event: 1214.105 GC heap before
{Heap before GC invocations=80 (full 0):
 garbage-first heap   total 479232K, used 404212K [0x0000000080000000, 0x0000000100000000)
  region size 1024K, 131 young (134144K), 10 survivors (10240K)
 Metaspace       used 175311K, committed 176832K, reserved 1245184K
  class space    used 23339K, committed 24064K, reserved 1048576K
}
Event: 1214.114 GC heap after
{Heap after GC invocations=81 (full 0):
 garbage-first heap   total 479232K, used 284333K [0x0000000080000000, 0x0000000100000000)
  region size 1024K, 10 young (10240K), 10 survivors (10240K)
 Metaspace       used 175311K, committed 176832K, reserved 1245184K
  class space    used 23339K, committed 24064K, reserved 1048576K
}
Event: 1214.985 GC heap before
{Heap before GC invocations=81 (full 0):
 garbage-first heap   total 479232K, used 406189K [0x0000000080000000, 0x0000000100000000)
  region size 1024K, 129 young (132096K), 10 survivors (10240K)
 Metaspace       used 175311K, committed 176832K, reserved 1245184K
  class space    used 23339K, committed 24064K, reserved 1048576K
}
Event: 1214.993 GC heap after
{Heap after GC invocations=82 (full 0):
 garbage-first heap   total 479232K, used 287524K [0x0000000080000000, 0x0000000100000000)
  region size 1024K, 9 young (9216K), 9 survivors (9216K)
 Metaspace       used 175311K, committed 176832K, reserved 1245184K
  class space    used 23339K, committed 24064K, reserved 1048576K
}
Event: 1215.993 GC heap before
{Heap before GC invocations=82 (full 0):
 garbage-first heap   total 479232K, used 415524K [0x0000000080000000, 0x0000000100000000)
  region size 1024K, 127 young (130048K), 9 survivors (9216K)
 Metaspace       used 176983K, committed 178496K, reserved 1245184K
  class space    used 23526K, committed 24256K, reserved 1048576K
}
Event: 1216.003 GC heap after
{Heap after GC invocations=83 (full 0):
 garbage-first heap   total 479232K, used 292895K [0x0000000080000000, 0x0000000100000000)
  region size 1024K, 11 young (11264K), 11 survivors (11264K)
 Metaspace       used 176983K, committed 178496K, reserved 1245184K
  class space    used 23526K, committed 24256K, reserved 1048576K
}
Event: 1217.851 GC heap before
{Heap before GC invocations=83 (full 0):
 garbage-first heap   total 479232K, used 408607K [0x0000000080000000, 0x0000000100000000)
  region size 1024K, 123 young (125952K), 11 survivors (11264K)
 Metaspace       used 188410K, committed 189888K, reserved 1245184K
  class space    used 25279K, committed 25984K, reserved 1048576K
}
Event: 1217.863 GC heap after
{Heap after GC invocations=84 (full 0):
 garbage-first heap   total 479232K, used 300032K [0x0000000080000000, 0x0000000100000000)
  region size 1024K, 14 young (14336K), 14 survivors (14336K)
 Metaspace       used 188410K, committed 189888K, reserved 1245184K
  class space    used 25279K, committed 25984K, reserved 1048576K
}
Event: 1218.913 GC heap before
{Heap before GC invocations=84 (full 0):
 garbage-first heap   total 479232K, used 406528K [0x0000000080000000, 0x0000000100000000)
  region size 1024K, 119 young (121856K), 14 survivors (14336K)
 Metaspace       used 191340K, committed 193088K, reserved 1245184K
  class space    used 25681K, committed 26496K, reserved 1048576K
}
Event: 1218.935 GC heap after
{Heap after GC invocations=85 (full 0):
 garbage-first heap   total 479232K, used 306104K [0x0000000080000000, 0x0000000100000000)
  region size 1024K, 9 young (9216K), 9 survivors (9216K)
 Metaspace       used 191340K, committed 193088K, reserved 1245184K
  class space    used 25681K, committed 26496K, reserved 1048576K
}
Event: 2390.056 GC heap before
{Heap before GC invocations=85 (full 0):
 garbage-first heap   total 479232K, used 405432K [0x0000000080000000, 0x0000000100000000)
  region size 1024K, 107 young (109568K), 9 survivors (9216K)
 Metaspace       used 196656K, committed 198336K, reserved 1245184K
  class space    used 26380K, committed 27136K, reserved 1048576K
}
Event: 2390.154 GC heap after
{Heap after GC invocations=86 (full 0):
 garbage-first heap   total 479232K, used 313556K [0x0000000080000000, 0x0000000100000000)
  region size 1024K, 8 young (8192K), 8 survivors (8192K)
 Metaspace       used 196656K, committed 198336K, reserved 1245184K
  class space    used 26380K, committed 27136K, reserved 1048576K
}
Event: 2391.065 GC heap before
{Heap before GC invocations=86 (full 0):
 garbage-first heap   total 479232K, used 411860K [0x0000000080000000, 0x0000000100000000)
  region size 1024K, 101 young (103424K), 8 survivors (8192K)
 Metaspace       used 198173K, committed 199872K, reserved 1245184K
  class space    used 26534K, committed 27328K, reserved 1048576K
}
Event: 2391.088 GC heap after
{Heap after GC invocations=87 (full 0):
 garbage-first heap   total 479232K, used 340926K [0x0000000080000000, 0x0000000100000000)
  region size 1024K, 13 young (13312K), 13 survivors (13312K)
 Metaspace       used 198173K, committed 199872K, reserved 1245184K
  class space    used 26534K, committed 27328K, reserved 1048576K
}
Event: 2391.500 GC heap before
{Heap before GC invocations=87 (full 0):
 garbage-first heap   total 479232K, used 396222K [0x0000000080000000, 0x0000000100000000)
  region size 1024K, 67 young (68608K), 13 survivors (13312K)
 Metaspace       used 198858K, committed 200576K, reserved 1245184K
  class space    used 26611K, committed 27392K, reserved 1048576K
}
Event: 2391.520 GC heap after
{Heap after GC invocations=88 (full 0):
 garbage-first heap   total 479232K, used 360448K [0x0000000080000000, 0x0000000100000000)
  region size 1024K, 9 young (9216K), 9 survivors (9216K)
 Metaspace       used 198858K, committed 200576K, reserved 1245184K
  class space    used 26611K, committed 27392K, reserved 1048576K
}
Event: 2391.998 GC heap before
{Heap before GC invocations=88 (full 0):
 garbage-first heap   total 479232K, used 399360K [0x0000000080000000, 0x0000000100000000)
  region size 1024K, 48 young (49152K), 9 survivors (9216K)
 Metaspace       used 202335K, committed 204032K, reserved 1245184K
  class space    used 27028K, committed 27840K, reserved 1048576K
}
Event: 2392.012 GC heap after
{Heap after GC invocations=89 (full 0):
 garbage-first heap   total 479232K, used 364784K [0x0000000080000000, 0x0000000100000000)
  region size 1024K, 3 young (3072K), 3 survivors (3072K)
 Metaspace       used 202335K, committed 204032K, reserved 1245184K
  class space    used 27028K, committed 27840K, reserved 1048576K
}
Event: 2392.959 GC heap before
{Heap before GC invocations=89 (full 0):
 garbage-first heap   total 479232K, used 404720K [0x0000000080000000, 0x0000000100000000)
  region size 1024K, 43 young (44032K), 3 survivors (3072K)
 Metaspace       used 203452K, committed 205120K, reserved 1245184K
  class space    used 27112K, committed 27904K, reserved 1048576K
}

