# JRE version: OpenJDK Runtime Environment (17.0.10) (build 17.0.10+0--11572160)
# Java VM: OpenJDK 64-Bit Server VM (17.0.10+0--11572160, mixed mode, tiered, compressed oops, compressed class ptrs, g1 gc, windows-amd64)
GC Precious Log:
 CPUs: 8 total, 8 available
 Memory: 8089M
 Large Page Support: Disabled
 NUMA Support: Disabled
 Compressed Oops: Enabled (32-bit)
 Heap Region Size: 1M
 Heap Min Capacity: 8M
 Heap Initial Capacity: 128M
 Heap Max Capacity: 2024M
 Pre-touch: Disabled
 Parallel Workers: 8
 Concurrent Workers: 2
 Concurrent Refinement Workers: 8
 Periodic GC: Disabled
Heap:
 garbage-first heap   total 82944K, used 32832K [0x0000000081800000, 0x0000000100000000)
  region size 1024K, 7 young (7168K), 4 survivors (4096K)
 Metaspace       used 46966K, committed 47168K, reserved 1114112K
  class space    used 5599K, committed 5696K, reserved 1048576K
GC Heap History (20 events):
Event: 0.644 GC heap before
{Heap before GC invocations=0 (full 0):
 garbage-first heap   total 131072K, used 27648K [0x0000000081800000, 0x0000000100000000)
  region size 1024K, 23 young (23552K), 0 survivors (0K)
 Metaspace       used 14519K, committed 14656K, reserved 1114112K
  class space    used 1443K, committed 1536K, reserved 1048576K
}
Event: 0.647 GC heap after
{Heap after GC invocations=1 (full 0):
 garbage-first heap   total 131072K, used 7168K [0x0000000081800000, 0x0000000100000000)
  region size 1024K, 3 young (3072K), 3 survivors (3072K)
 Metaspace       used 14519K, committed 14656K, reserved 1114112K
  class space    used 1443K, committed 1536K, reserved 1048576K
}
Event: 0.991 GC heap before
{Heap before GC invocations=1 (full 0):
 garbage-first heap   total 131072K, used 26624K [0x0000000081800000, 0x0000000100000000)
  region size 1024K, 23 young (23552K), 3 survivors (3072K)
 Metaspace       used 21332K, committed 21504K, reserved 1114112K
  class space    used 2412K, committed 2496K, reserved 1048576K
}
Event: 0.995 GC heap after
{Heap after GC invocations=2 (full 0):
 garbage-first heap   total 131072K, used 8052K [0x0000000081800000, 0x0000000100000000)
  region size 1024K, 2 young (2048K), 2 survivors (2048K)
 Metaspace       used 21332K, committed 21504K, reserved 1114112K
  class space    used 2412K, committed 2496K, reserved 1048576K
}
Event: 1.200 GC heap before
{Heap before GC invocations=3 (full 0):
 garbage-first heap   total 34816K, used 28532K [0x0000000081800000, 0x0000000100000000)
  region size 1024K, 21 young (21504K), 2 survivors (2048K)
 Metaspace       used 22885K, committed 23104K, reserved 1114112K
  class space    used 2776K, committed 2880K, reserved 1048576K
}
Event: 1.209 GC heap after
{Heap after GC invocations=4 (full 0):
 garbage-first heap   total 36864K, used 14515K [0x0000000081800000, 0x0000000100000000)
  region size 1024K, 6 young (6144K), 6 survivors (6144K)
 Metaspace       used 22885K, committed 23104K, reserved 1114112K
  class space    used 2776K, committed 2880K, reserved 1048576K
}
Event: 1.214 GC heap before
{Heap before GC invocations=4 (full 0):
 garbage-first heap   total 36864K, used 15539K [0x0000000081800000, 0x0000000100000000)
  region size 1024K, 7 young (7168K), 6 survivors (6144K)
 Metaspace       used 22885K, committed 23104K, reserved 1114112K
  class space    used 2776K, committed 2880K, reserved 1048576K
}
Event: 1.222 GC heap after
{Heap after GC invocations=5 (full 0):
 garbage-first heap   total 36864K, used 15608K [0x0000000081800000, 0x0000000100000000)
  region size 1024K, 1 young (1024K), 1 survivors (1024K)
 Metaspace       used 22885K, committed 23104K, reserved 1114112K
  class space    used 2776K, committed 2880K, reserved 1048576K
}
Event: 1.466 GC heap before
{Heap before GC invocations=5 (full 0):
 garbage-first heap   total 36864K, used 24824K [0x0000000081800000, 0x0000000100000000)
  region size 1024K, 11 young (11264K), 1 survivors (1024K)
 Metaspace       used 26098K, committed 26304K, reserved 1114112K
  class space    used 3361K, committed 3456K, reserved 1048576K
}
Event: 1.470 GC heap after
{Heap after GC invocations=6 (full 0):
 garbage-first heap   total 36864K, used 16372K [0x0000000081800000, 0x0000000100000000)
  region size 1024K, 2 young (2048K), 2 survivors (2048K)
 Metaspace       used 26098K, committed 26304K, reserved 1114112K
  class space    used 3361K, committed 3456K, reserved 1048576K
}
Event: 1.637 GC heap before
{Heap before GC invocations=6 (full 0):
 garbage-first heap   total 36864K, used 25588K [0x0000000081800000, 0x0000000100000000)
  region size 1024K, 11 young (11264K), 2 survivors (2048K)
 Metaspace       used 28155K, committed 28288K, reserved 1114112K
  class space    used 3588K, committed 3648K, reserved 1048576K
}
Event: 1.642 GC heap after
{Heap after GC invocations=7 (full 0):
 garbage-first heap   total 89088K, used 15686K [0x0000000081800000, 0x0000000100000000)
  region size 1024K, 2 young (2048K), 2 survivors (2048K)
 Metaspace       used 28155K, committed 28288K, reserved 1114112K
  class space    used 3588K, committed 3648K, reserved 1048576K
}
Event: 2.209 GC heap before
{Heap before GC invocations=7 (full 0):
 garbage-first heap   total 89088K, used 53574K [0x0000000081800000, 0x0000000100000000)
  region size 1024K, 40 young (40960K), 2 survivors (2048K)
 Metaspace       used 35750K, committed 35968K, reserved 1114112K
  class space    used 4331K, committed 4416K, reserved 1048576K
}
Event: 2.218 GC heap after
{Heap after GC invocations=8 (full 0):
 garbage-first heap   total 89088K, used 18961K [0x0000000081800000, 0x0000000100000000)
  region size 1024K, 5 young (5120K), 5 survivors (5120K)
 Metaspace       used 35750K, committed 35968K, reserved 1114112K
  class space    used 4331K, committed 4416K, reserved 1048576K
}
Event: 2.707 GC heap before
{Heap before GC invocations=9 (full 0):
 garbage-first heap   total 68608K, used 53777K [0x0000000081800000, 0x0000000100000000)
  region size 1024K, 39 young (39936K), 5 survivors (5120K)
 Metaspace       used 40392K, committed 40640K, reserved 1114112K
  class space    used 4861K, committed 4992K, reserved 1048576K
}
Event: 2.719 GC heap after
{Heap after GC invocations=10 (full 0):
 garbage-first heap   total 68608K, used 22721K [0x0000000081800000, 0x0000000100000000)
  region size 1024K, 4 young (4096K), 4 survivors (4096K)
 Metaspace       used 40392K, committed 40640K, reserved 1114112K
  class space    used 4861K, committed 4992K, reserved 1048576K
}
Event: 3.021 GC heap before
{Heap before GC invocations=10 (full 0):
 garbage-first heap   total 68608K, used 47297K [0x0000000081800000, 0x0000000100000000)
  region size 1024K, 29 young (29696K), 4 survivors (4096K)
 Metaspace       used 42760K, committed 43008K, reserved 1114112K
  class space    used 5123K, committed 5248K, reserved 1048576K
}
Event: 3.029 GC heap after
{Heap after GC invocations=11 (full 0):
 garbage-first heap   total 68608K, used 24469K [0x0000000081800000, 0x0000000100000000)
  region size 1024K, 3 young (3072K), 3 survivors (3072K)
 Metaspace       used 42760K, committed 43008K, reserved 1114112K
  class space    used 5123K, committed 5248K, reserved 1048576K
}
Event: 3.558 GC heap before
{Heap before GC invocations=11 (full 0):
 garbage-first heap   total 68608K, used 51093K [0x0000000081800000, 0x0000000100000000)
  region size 1024K, 28 young (28672K), 3 survivors (3072K)
 Metaspace       used 46737K, committed 46976K, reserved 1114112K
  class space    used 5576K, committed 5696K, reserved 1048576K
}
Event: 3.572 GC heap after
{Heap after GC invocations=12 (full 0):
 garbage-first heap   total 82944K, used 30784K [0x0000000081800000, 0x0000000100000000)
  region size 1024K, 4 young (4096K), 4 survivors (4096K)
 Metaspace       used 46737K, committed 46976K, reserved 1114112K
  class space    used 5576K, committed 5696K, reserved 1048576K
}

