# JRE version: OpenJDK Runtime Environment (17.0.10) (build 17.0.10+0--11572160)
# Java VM: OpenJDK 64-Bit Server VM (17.0.10+0--11572160, mixed mode, tiered, compressed oops, compressed class ptrs, g1 gc, windows-amd64)
GC Precious Log:
 CPUs: 8 total, 8 available
 Memory: 8089M
 Large Page Support: Disabled
 NUMA Support: Disabled
 Compressed Oops: Enabled (32-bit)
 Heap Region Size: 1M
 Heap Min Capacity: 8M
 Heap Initial Capacity: 128M
 Heap Max Capacity: 2024M
 Pre-touch: Disabled
 Parallel Workers: 8
 Concurrent Workers: 2
 Concurrent Refinement Workers: 8
 Periodic GC: Disabled
Heap:
 garbage-first heap   total 110592K, used 75998K [0x0000000081800000, 0x0000000100000000)
  region size 1024K, 24 young (24576K), 4 survivors (4096K)
 Metaspace       used 70121K, committed 70400K, reserved 1114112K
  class space    used 8021K, committed 8192K, reserved 1048576K
GC Heap History (20 events):
Event: 2.552 GC heap before
{Heap before GC invocations=10 (full 0):
 garbage-first heap   total 81920K, used 56413K [0x0000000081800000, 0x0000000100000000)
  region size 1024K, 40 young (40960K), 5 survivors (5120K)
 Metaspace       used 40379K, committed 40640K, reserved 1114112K
  class space    used 4859K, committed 4992K, reserved 1048576K
}
Event: 2.565 GC heap after
{Heap after GC invocations=11 (full 0):
 garbage-first heap   total 81920K, used 24229K [0x0000000081800000, 0x0000000100000000)
  region size 1024K, 5 young (5120K), 5 survivors (5120K)
 Metaspace       used 40379K, committed 40640K, reserved 1114112K
  class space    used 4859K, committed 4992K, reserved 1048576K
}
Event: 2.678 GC heap before
{Heap before GC invocations=11 (full 0):
 garbage-first heap   total 81920K, used 45733K [0x0000000081800000, 0x0000000100000000)
  region size 1024K, 27 young (27648K), 5 survivors (5120K)
 Metaspace       used 40685K, committed 40896K, reserved 1114112K
  class space    used 4875K, committed 4992K, reserved 1048576K
}
Event: 2.688 GC heap after
{Heap after GC invocations=12 (full 0):
 garbage-first heap   total 119808K, used 24177K [0x0000000081800000, 0x0000000100000000)
  region size 1024K, 2 young (2048K), 2 survivors (2048K)
 Metaspace       used 40685K, committed 40896K, reserved 1114112K
  class space    used 4875K, committed 4992K, reserved 1048576K
}
Event: 3.880 GC heap before
{Heap before GC invocations=13 (full 0):
 garbage-first heap   total 86016K, used 74353K [0x0000000081800000, 0x0000000100000000)
  region size 1024K, 50 young (51200K), 2 survivors (2048K)
 Metaspace       used 47517K, committed 47744K, reserved 1114112K
  class space    used 5617K, committed 5696K, reserved 1048576K
}
Event: 3.902 GC heap after
{Heap after GC invocations=14 (full 0):
 garbage-first heap   total 86016K, used 34039K [0x0000000081800000, 0x0000000100000000)
  region size 1024K, 8 young (8192K), 8 survivors (8192K)
 Metaspace       used 47517K, committed 47744K, reserved 1114112K
  class space    used 5617K, committed 5696K, reserved 1048576K
}
Event: 4.476 GC heap before
{Heap before GC invocations=14 (full 0):
 garbage-first heap   total 86016K, used 63735K [0x0000000081800000, 0x0000000100000000)
  region size 1024K, 37 young (37888K), 8 survivors (8192K)
 Metaspace       used 48235K, committed 48448K, reserved 1114112K
  class space    used 5647K, committed 5760K, reserved 1048576K
}
Event: 4.506 GC heap after
{Heap after GC invocations=15 (full 0):
 garbage-first heap   total 86016K, used 39966K [0x0000000081800000, 0x0000000100000000)
  region size 1024K, 5 young (5120K), 5 survivors (5120K)
 Metaspace       used 48235K, committed 48448K, reserved 1114112K
  class space    used 5647K, committed 5760K, reserved 1048576K
}
Event: 5.004 GC heap before
{Heap before GC invocations=15 (full 0):
 garbage-first heap   total 86016K, used 63518K [0x0000000081800000, 0x0000000100000000)
  region size 1024K, 29 young (29696K), 5 survivors (5120K)
 Metaspace       used 52084K, committed 52352K, reserved 1114112K
  class space    used 6114K, committed 6208K, reserved 1048576K
}
Event: 5.018 GC heap after
{Heap after GC invocations=16 (full 0):
 garbage-first heap   total 86016K, used 42162K [0x0000000081800000, 0x0000000100000000)
  region size 1024K, 2 young (2048K), 2 survivors (2048K)
 Metaspace       used 52084K, committed 52352K, reserved 1114112K
  class space    used 6114K, committed 6208K, reserved 1048576K
}
Event: 5.615 GC heap before
{Heap before GC invocations=16 (full 0):
 garbage-first heap   total 86016K, used 65714K [0x0000000081800000, 0x0000000100000000)
  region size 1024K, 25 young (25600K), 2 survivors (2048K)
 Metaspace       used 54213K, committed 54400K, reserved 1114112K
  class space    used 6329K, committed 6400K, reserved 1048576K
}
Event: 5.628 GC heap after
{Heap after GC invocations=17 (full 0):
 garbage-first heap   total 86016K, used 45234K [0x0000000081800000, 0x0000000100000000)
  region size 1024K, 4 young (4096K), 4 survivors (4096K)
 Metaspace       used 54213K, committed 54400K, reserved 1114112K
  class space    used 6329K, committed 6400K, reserved 1048576K
}
Event: 6.154 GC heap before
{Heap before GC invocations=18 (full 0):
 garbage-first heap   total 86016K, used 66738K [0x0000000081800000, 0x0000000100000000)
  region size 1024K, 25 young (25600K), 4 survivors (4096K)
 Metaspace       used 57204K, committed 57408K, reserved 1114112K
  class space    used 6786K, committed 6848K, reserved 1048576K
}
Event: 6.167 GC heap after
{Heap after GC invocations=19 (full 0):
 garbage-first heap   total 86016K, used 49160K [0x0000000081800000, 0x0000000100000000)
  region size 1024K, 4 young (4096K), 4 survivors (4096K)
 Metaspace       used 57204K, committed 57408K, reserved 1114112K
  class space    used 6786K, committed 6848K, reserved 1048576K
}
Event: 6.202 GC heap before
{Heap before GC invocations=19 (full 0):
 garbage-first heap   total 86016K, used 50184K [0x0000000081800000, 0x0000000100000000)
  region size 1024K, 5 young (5120K), 4 survivors (4096K)
 Metaspace       used 57264K, committed 57536K, reserved 1114112K
  class space    used 6792K, committed 6912K, reserved 1048576K
}
Event: 6.214 GC heap after
{Heap after GC invocations=20 (full 0):
 garbage-first heap   total 110592K, used 49477K [0x0000000081800000, 0x0000000100000000)
  region size 1024K, 1 young (1024K), 1 survivors (1024K)
 Metaspace       used 57264K, committed 57536K, reserved 1114112K
  class space    used 6792K, committed 6912K, reserved 1048576K
}
Event: 7.485 GC heap before
{Heap before GC invocations=20 (full 0):
 garbage-first heap   total 110592K, used 85317K [0x0000000081800000, 0x0000000100000000)
  region size 1024K, 36 young (36864K), 1 survivors (1024K)
 Metaspace       used 60270K, committed 60544K, reserved 1114112K
  class space    used 7014K, committed 7104K, reserved 1048576K
}
Event: 7.498 GC heap after
{Heap after GC invocations=21 (full 0):
 garbage-first heap   total 110592K, used 53088K [0x0000000081800000, 0x0000000100000000)
  region size 1024K, 5 young (5120K), 5 survivors (5120K)
 Metaspace       used 60270K, committed 60544K, reserved 1114112K
  class space    used 7014K, committed 7104K, reserved 1048576K
}
Event: 8.147 GC heap before
{Heap before GC invocations=21 (full 0):
 garbage-first heap   total 110592K, used 85856K [0x0000000081800000, 0x0000000100000000)
  region size 1024K, 37 young (37888K), 5 survivors (5120K)
 Metaspace       used 66159K, committed 66432K, reserved 1114112K
  class space    used 7604K, committed 7744K, reserved 1048576K
}
Event: 8.162 GC heap after
{Heap after GC invocations=22 (full 0):
 garbage-first heap   total 110592K, used 56542K [0x0000000081800000, 0x0000000100000000)
  region size 1024K, 4 young (4096K), 4 survivors (4096K)
 Metaspace       used 66159K, committed 66432K, reserved 1114112K
  class space    used 7604K, committed 7744K, reserved 1048576K
}

